Determining if the htonll exist failed with the following output:
Change Dir: /home/gkrishnan/ndpi/rabbitmq-c-master/build/CMakeFiles/CMakeTmp

Run Build Command:/usr/bin/make "cmTryCompileExec/fast"
/usr/bin/make -f CMakeFiles/cmTryCompileExec.dir/build.make CMakeFiles/cmTryCompileExec.dir/build
make[1]: Entering directory `/home/gkrishnan/ndpi/rabbitmq-c-master/build/CMakeFiles/CMakeTmp'
/usr/bin/cmake -E cmake_progress_report /home/gkrishnan/ndpi/rabbitmq-c-master/build/CMakeFiles/CMakeTmp/CMakeFiles 1
Building C object CMakeFiles/cmTryCompileExec.dir/CheckSymbolExists.c.o
/usr/bin/gcc   -Wall -Wextra -Wstrict-prototypes -Wno-unused-function -fno-common -fvisibility=hidden  -std=gnu90     -o CMakeFiles/cmTryCompileExec.dir/CheckSymbolExists.c.o   -c /home/gkrishnan/ndpi/rabbitmq-c-master/build/CMakeFiles/CMakeTmp/CheckSymbolExists.c
/home/gkrishnan/ndpi/rabbitmq-c-master/build/CMakeFiles/CMakeTmp/CheckSymbolExists.c:5:5: warning: function declaration isn’t a prototype [-Wstrict-prototypes]
/home/gkrishnan/ndpi/rabbitmq-c-master/build/CMakeFiles/CMakeTmp/CheckSymbolExists.c: In function ‘main’:
/home/gkrishnan/ndpi/rabbitmq-c-master/build/CMakeFiles/CMakeTmp/CheckSymbolExists.c:8:25: error: ‘htonll’ undeclared (first use in this function)
/home/gkrishnan/ndpi/rabbitmq-c-master/build/CMakeFiles/CMakeTmp/CheckSymbolExists.c:8:25: note: each undeclared identifier is reported only once for each function it appears in
make[1]: Leaving directory `/home/gkrishnan/ndpi/rabbitmq-c-master/build/CMakeFiles/CMakeTmp'
make[1]: *** [CMakeFiles/cmTryCompileExec.dir/CheckSymbolExists.c.o] Error 1
make: *** [cmTryCompileExec/fast] Error 2

File /home/gkrishnan/ndpi/rabbitmq-c-master/build/CMakeFiles/CMakeTmp/CheckSymbolExists.c:
/* */
#include <arpa/inet.h>

void cmakeRequireSymbol(int dummy,...){(void)dummy;}
int main()
{
#ifndef htonll
  cmakeRequireSymbol(0,&htonll);
#endif
  return 0;
}

Determining if the function pthread_create exists in the pthreads failed with the following output:
Change Dir: /home/gkrishnan/ndpi/rabbitmq-c-master/build/CMakeFiles/CMakeTmp

Run Build Command:/usr/bin/make "cmTryCompileExec/fast"
/usr/bin/make -f CMakeFiles/cmTryCompileExec.dir/build.make CMakeFiles/cmTryCompileExec.dir/build
make[1]: Entering directory `/home/gkrishnan/ndpi/rabbitmq-c-master/build/CMakeFiles/CMakeTmp'
/usr/bin/cmake -E cmake_progress_report /home/gkrishnan/ndpi/rabbitmq-c-master/build/CMakeFiles/CMakeTmp/CMakeFiles 1
Building C object CMakeFiles/cmTryCompileExec.dir/CheckFunctionExists.c.o
/usr/bin/gcc   -Wall -Wextra -Wstrict-prototypes -Wno-unused-function -fno-common -fvisibility=hidden  -std=gnu90  -DCHECK_FUNCTION_EXISTS=pthread_create   -o CMakeFiles/cmTryCompileExec.dir/CheckFunctionExists.c.o   -c /usr/share/cmake-2.8/Modules/CheckFunctionExists.c
/usr/share/cmake-2.8/Modules/CheckFunctionExists.c:3:1: warning: function declaration isn’t a prototype [-Wstrict-prototypes]
Linking C executable cmTryCompileExec
/usr/bin/cmake -E cmake_link_script CMakeFiles/cmTryCompileExec.dir/link.txt --verbose=1
/usr/bin/gcc   -Wall -Wextra -Wstrict-prototypes -Wno-unused-function -fno-common -fvisibility=hidden  -std=gnu90  -DCHECK_FUNCTION_EXISTS=pthread_create    CMakeFiles/cmTryCompileExec.dir/CheckFunctionExists.c.o  -o cmTryCompileExec -rdynamic -lpthreads 
/usr/bin/ld: cannot find -lpthreads
collect2: ld returned 1 exit status
make[1]: Leaving directory `/home/gkrishnan/ndpi/rabbitmq-c-master/build/CMakeFiles/CMakeTmp'
make[1]: *** [cmTryCompileExec] Error 1
make: *** [cmTryCompileExec/fast] Error 2


